<?xml version="1.0" encoding="UTF-8"?>
<!-- Generated by org.testng.reporters.JUnitXMLReporter -->
<testsuite ignored="0" hostname="LAPTOP-9GBQR1IA" failures="0" tests="3" name="Default test" time="14.914" errors="0" timestamp="2023-10-01T09:40:47 IST">
  <testcase classname="nucotjulypomseries.tests.LoginPageTest" name="doLoginTest" time="6.12"/>
  <testcase classname="nucotjulypomseries.tests.LoginPageTest" name="getLoginPageCurrentUrlTest" time="0.032"/>
  <testcase classname="nucotjulypomseries.tests.LoginPageTest" name="getLoginPageTitleTest" time="0.021"/>
</testsuite> <!-- Default test -->
