<?xml version="1.0" encoding="UTF-8"?>
<!-- Generated by org.testng.reporters.JUnitXMLReporter -->
<testsuite ignored="0" hostname="Somashekars-iMac.local" failures="0" tests="3" name="HRM Application Nucot" time="11.836" errors="0" timestamp="2023-09-24T12:33:46 IST">
  <testcase classname="nucotjulypomseries.tests.LoginPageTest" name="getLoginPageCurrentUrlTest" time="0.023"/>
  <testcase classname="nucotjulypomseries.tests.LoginPageTest" name="getLoginPageTitleTest" time="0.006"/>
  <testcase classname="nucotjulypomseries.tests.LoginPageTest" name="doLoginTest" time="2.227"/>
</testsuite> <!-- HRM Application Nucot -->
