<?xml version="1.0" encoding="UTF-8"?>
<testng-results ignored="0" total="3" passed="3" failed="0" skipped="0">
  <reporter-output>
  </reporter-output>
  <suite started-at="2023-10-01T09:40:32 IST" name="Default suite" finished-at="2023-10-01T09:40:47 IST" duration-ms="14914">
    <groups>
    </groups>
    <test started-at="2023-10-01T09:40:32 IST" name="Default test" finished-at="2023-10-01T09:40:47 IST" duration-ms="14914">
      <class name="nucotjulypomseries.tests.LoginPageTest">
        <test-method is-config="true" signature="loginSetUp()[pri:0, instance:nucotjulypomseries.tests.LoginPageTest@46d59067]" started-at="2023-10-01T09:40:32 IST" name="loginSetUp" finished-at="2023-10-01T09:40:40 IST" duration-ms="8275" status="PASS">
          <reporter-output>
          </reporter-output>
        </test-method> <!-- loginSetUp -->
        <test-method signature="doLoginTest()[pri:0, instance:nucotjulypomseries.tests.LoginPageTest@46d59067]" started-at="2023-10-01T09:40:40 IST" name="doLoginTest" finished-at="2023-10-01T09:40:46 IST" duration-ms="6120" status="PASS">
          <reporter-output>
          </reporter-output>
        </test-method> <!-- doLoginTest -->
        <test-method signature="getLoginPageCurrentUrlTest()[pri:0, instance:nucotjulypomseries.tests.LoginPageTest@46d59067]" started-at="2023-10-01T09:40:47 IST" name="getLoginPageCurrentUrlTest" finished-at="2023-10-01T09:40:47 IST" duration-ms="32" status="PASS">
          <reporter-output>
          </reporter-output>
        </test-method> <!-- getLoginPageCurrentUrlTest -->
        <test-method signature="getLoginPageTitleTest()[pri:0, instance:nucotjulypomseries.tests.LoginPageTest@46d59067]" started-at="2023-10-01T09:40:47 IST" name="getLoginPageTitleTest" finished-at="2023-10-01T09:40:47 IST" duration-ms="21" status="PASS">
          <reporter-output>
          </reporter-output>
        </test-method> <!-- getLoginPageTitleTest -->
        <test-method is-config="true" signature="closeApp()[pri:0, instance:nucotjulypomseries.tests.LoginPageTest@46d59067]" started-at="2023-10-01T09:40:47 IST" name="closeApp" finished-at="2023-10-01T09:40:47 IST" duration-ms="259" status="PASS">
          <reporter-output>
          </reporter-output>
        </test-method> <!-- closeApp -->
      </class> <!-- nucotjulypomseries.tests.LoginPageTest -->
    </test> <!-- Default test -->
  </suite> <!-- Default suite -->
</testng-results>
